<?xml version="1.0" encoding="UTF-8"?>
<testsuite xmlns:xsi="http://www.w3.org/2001/XMLSchema-instance" xsi:noNamespaceSchemaLocation="https://maven.apache.org/surefire/maven-surefire-plugin/xsd/surefire-test-report-3.0.xsd" version="3.0" name="TestSuite" time="10.085" tests="1" errors="0" skipped="0" failures="1">
  <properties>
[...]
</properties>
  <testcase name="scenario[&quot;Verify the functionality of CreateOneDeliveryWithListOfItemsUsingDT&quot;, &quot;Optional[Verify the functionality of Create delivery]&quot;](1)" classname="com.dmartLabs.runner.SorterTestRunner" time="3.484">
    <failure message="Cannot get a STRING value from a NUMERIC cell" type="java.lang.IllegalStateException"><![CDATA[java.lang.IllegalStateException: Cannot get a STRING value from a NUMERIC cell
]]></failure>
    <system-out><![CDATA[
@SorterCreateDeliveryExcelDT
Scenario: Verify the functionality of CreateOneDeliveryWithListOfItemsUsingDT                                 # src/test/resources/features/SingleSuite/35_SorterExcel.feature:4
  Given Give Username and Password for Access Token                                                           # com.dmartLabs.stepdefinitions.GenericSteps.giveUsernameAndPasswordForAccessToken(io.cucumber.datatable.DataTable)
  And Assigning Main Mandatory fields to CreateOneDeliveryWithListOfItemsUsingDTInSorter using ExcelDataTable # com.dmartLabs.stepdefinitions.CreateDeliveryExcelStep.assigningMainMandatoryFieldsToCreateOneDeliveryWithListOfItemsUsingDTInSorterUsingExcelDataTable(io.cucumber.datatable.DataTable)
  And Provide dlvItemNum to CreateOneDeliveryWithListOfItemsUsingDTInSorter using excel sheetDT               # com.dmartLabs.stepdefinitions.CreateDeliveryExcelStep.provideDlvItemNumToCreateOneDeliveryWithListOfItemsUsingDTInSorterUsingExcelSheetDT(io.cucumber.datatable.DataTable)
      java.lang.IllegalStateException: Cannot get a STRING value from a NUMERIC cell
	at org.apache.poi.xssf.usermodel.XSSFCell.typeMismatch(XSSFCell.java:987)
	at org.apache.poi.xssf.usermodel.XSSFCell.getRichStringCellValue(XSSFCell.java:336)
	at org.apache.poi.xssf.usermodel.XSSFCell.getStringCellValue(XSSFCell.java:280)
	at com.dmartLabs.commonutils.ExcelUtils.ReadDataFromExcelDT(ExcelUtils.java:114)
	at com.dmartLabs.stepdefinitions.CreateDeliveryExcelStep.provideDlvItemNumToCreateOneDeliveryWithListOfItemsUsingDTInSorterUsingExcelSheetDT(CreateDeliveryExcelStep.java:52)
	at âœ½.Provide dlvItemNum to CreateOneDeliveryWithListOfItemsUsingDTInSorter using excel sheetDT(file:///C:/Users/FD329/OneDrive/Desktop/Sorter_API%20Framework_3_!5_2024/./src/test/resources/features/SingleSuite/35_SorterExcel.feature:15)

  Then verify that status code be equal to "201"                                                              # com.dmartLabs.stepdefinitions.GenericSteps.verifyThatStatusCodeBeEqualTo(java.lang.String)
]]></system-out>
  </testcase>
</testsuite>