-------------------------------------------------------------------------------
Test set: TestSuite
-------------------------------------------------------------------------------
Tests run: 1, Failures: 1, Errors: 0, Skipped: 0, Time elapsed: 10.085 s <<< FAILURE! - in TestSuite
com.dmartLabs.runner.SorterTestRunner.scenario["Verify the functionality of CreateOneDeliveryWithListOfItemsUsingDT", "Optional[Verify the functionality of Create delivery]"](1)  Time elapsed: 3.484 s  <<< FAILURE!
java.lang.IllegalStateException: Cannot get a STRING value from a NUMERIC cell

